mode: atomic
github.com/go-pantheon/fabrica-kit/metrics/redis/metrics.go:31.44,37.2 1 0
github.com/go-pantheon/fabrica-kit/metrics/redis/metrics.go:40.58,41.19 1 0
github.com/go-pantheon/fabrica-kit/metrics/redis/metrics.go:41.19,43.3 1 0
github.com/go-pantheon/fabrica-kit/metrics/redis/metrics.go:45.2,52.16 3 0
github.com/go-pantheon/fabrica-kit/metrics/redis/metrics.go:52.16,54.3 1 0
github.com/go-pantheon/fabrica-kit/metrics/redis/metrics.go:56.2,61.16 2 0
github.com/go-pantheon/fabrica-kit/metrics/redis/metrics.go:61.16,63.3 1 0
github.com/go-pantheon/fabrica-kit/metrics/redis/metrics.go:65.2,71.16 2 0
github.com/go-pantheon/fabrica-kit/metrics/redis/metrics.go:71.16,73.3 1 0
github.com/go-pantheon/fabrica-kit/metrics/redis/metrics.go:75.2,80.16 2 0
github.com/go-pantheon/fabrica-kit/metrics/redis/metrics.go:80.16,82.3 1 0
github.com/go-pantheon/fabrica-kit/metrics/redis/metrics.go:84.2,89.16 2 0
github.com/go-pantheon/fabrica-kit/metrics/redis/metrics.go:89.16,91.3 1 0
github.com/go-pantheon/fabrica-kit/metrics/redis/metrics.go:93.2,98.16 2 0
github.com/go-pantheon/fabrica-kit/metrics/redis/metrics.go:98.16,100.3 1 0
github.com/go-pantheon/fabrica-kit/metrics/redis/metrics.go:102.2,107.16 2 0
github.com/go-pantheon/fabrica-kit/metrics/redis/metrics.go:107.16,109.3 1 0
github.com/go-pantheon/fabrica-kit/metrics/redis/metrics.go:111.2,116.16 2 0
github.com/go-pantheon/fabrica-kit/metrics/redis/metrics.go:116.16,118.3 1 0
github.com/go-pantheon/fabrica-kit/metrics/redis/metrics.go:120.2,129.8 1 0
github.com/go-pantheon/fabrica-kit/metrics/redis/metrics.go:133.83,137.2 1 0
github.com/go-pantheon/fabrica-kit/metrics/redis/metrics.go:140.93,145.2 1 0
github.com/go-pantheon/fabrica-kit/metrics/redis/metrics.go:148.88,155.2 3 0
github.com/go-pantheon/fabrica-kit/metrics/redis/metrics.go:158.86,163.2 1 0
github.com/go-pantheon/fabrica-kit/metrics/redis/metrics.go:166.58,168.2 1 0
github.com/go-pantheon/fabrica-kit/metrics/redis/metrics.go:171.59,173.2 1 0
github.com/go-pantheon/fabrica-kit/metrics/redis/metrics.go:176.71,178.2 1 0
github.com/go-pantheon/fabrica-kit/metrics/redis/metrics.go:181.76,183.2 1 0
github.com/go-pantheon/fabrica-kit/metrics/redis/redis.go:9.77,10.19 1 0
github.com/go-pantheon/fabrica-kit/metrics/redis/redis.go:10.19,12.3 1 0
github.com/go-pantheon/fabrica-kit/metrics/redis/redis.go:14.2,17.3 1 0
github.com/go-pantheon/fabrica-kit/router/routetable/base.go:18.40,19.33 1 0
github.com/go-pantheon/fabrica-kit/router/routetable/base.go:19.33,21.3 1 0
github.com/go-pantheon/fabrica-kit/router/routetable/base.go:40.102,47.27 2 0
github.com/go-pantheon/fabrica-kit/router/routetable/base.go:47.27,49.3 1 0
github.com/go-pantheon/fabrica-kit/router/routetable/base.go:51.2,51.11 1 0
github.com/go-pantheon/fabrica-kit/router/routetable/base.go:55.97,56.80 1 0
github.com/go-pantheon/fabrica-kit/router/routetable/base.go:56.80,58.3 1 0
github.com/go-pantheon/fabrica-kit/router/routetable/base.go:60.2,60.12 1 0
github.com/go-pantheon/fabrica-kit/router/routetable/base.go:64.116,66.16 2 0
github.com/go-pantheon/fabrica-kit/router/routetable/base.go:66.16,68.3 1 0
github.com/go-pantheon/fabrica-kit/router/routetable/base.go:70.2,70.17 1 0
github.com/go-pantheon/fabrica-kit/router/routetable/base.go:75.132,77.16 2 0
github.com/go-pantheon/fabrica-kit/router/routetable/base.go:77.16,79.3 1 0
github.com/go-pantheon/fabrica-kit/router/routetable/base.go:81.2,81.24 1 0
github.com/go-pantheon/fabrica-kit/router/routetable/base.go:85.102,87.16 2 0
github.com/go-pantheon/fabrica-kit/router/routetable/base.go:87.16,89.3 1 0
github.com/go-pantheon/fabrica-kit/router/routetable/base.go:91.2,91.18 1 0
github.com/go-pantheon/fabrica-kit/router/routetable/base.go:95.111,97.16 2 0
github.com/go-pantheon/fabrica-kit/router/routetable/base.go:97.16,99.3 1 0
github.com/go-pantheon/fabrica-kit/router/routetable/base.go:101.2,101.18 1 0
github.com/go-pantheon/fabrica-kit/router/routetable/base.go:105.82,106.72 1 0
github.com/go-pantheon/fabrica-kit/router/routetable/base.go:106.72,108.3 1 0
github.com/go-pantheon/fabrica-kit/router/routetable/base.go:110.2,110.12 1 0
github.com/go-pantheon/fabrica-kit/router/routetable/base.go:114.106,115.75 1 0
github.com/go-pantheon/fabrica-kit/router/routetable/base.go:115.75,117.3 1 0
github.com/go-pantheon/fabrica-kit/router/routetable/base.go:119.2,119.12 1 0
github.com/go-pantheon/fabrica-kit/router/routetable/base.go:123.102,124.85 1 0
github.com/go-pantheon/fabrica-kit/router/routetable/base.go:124.85,126.3 1 0
github.com/go-pantheon/fabrica-kit/router/routetable/base.go:128.2,128.12 1 0
github.com/go-pantheon/fabrica-kit/router/routetable/base.go:132.126,133.88 1 0
github.com/go-pantheon/fabrica-kit/router/routetable/base.go:133.88,135.3 1 0
github.com/go-pantheon/fabrica-kit/router/routetable/base.go:137.2,137.12 1 0
github.com/go-pantheon/fabrica-kit/router/routetable/routetable.go:45.69,47.2 1 0
github.com/go-pantheon/fabrica-kit/router/routetable/routetable.go:49.48,51.2 1 0
github.com/go-pantheon/fabrica-kit/trace/gorm/gorm.go:27.44,29.2 1 0
github.com/go-pantheon/fabrica-kit/trace/gorm/gorm.go:32.66,33.112 1 0
github.com/go-pantheon/fabrica-kit/trace/gorm/gorm.go:33.112,35.3 1 0
github.com/go-pantheon/fabrica-kit/trace/gorm/gorm.go:37.2,37.103 1 0
github.com/go-pantheon/fabrica-kit/trace/gorm/gorm.go:37.103,39.3 1 0
github.com/go-pantheon/fabrica-kit/trace/gorm/gorm.go:41.2,41.112 1 0
github.com/go-pantheon/fabrica-kit/trace/gorm/gorm.go:41.112,43.3 1 0
github.com/go-pantheon/fabrica-kit/trace/gorm/gorm.go:45.2,45.118 1 0
github.com/go-pantheon/fabrica-kit/trace/gorm/gorm.go:45.118,47.3 1 0
github.com/go-pantheon/fabrica-kit/trace/gorm/gorm.go:49.2,49.99 1 0
github.com/go-pantheon/fabrica-kit/trace/gorm/gorm.go:49.99,51.3 1 0
github.com/go-pantheon/fabrica-kit/trace/gorm/gorm.go:53.2,53.99 1 0
github.com/go-pantheon/fabrica-kit/trace/gorm/gorm.go:53.99,55.3 1 0
github.com/go-pantheon/fabrica-kit/trace/gorm/gorm.go:57.2,57.108 1 0
github.com/go-pantheon/fabrica-kit/trace/gorm/gorm.go:57.108,59.3 1 0
github.com/go-pantheon/fabrica-kit/trace/gorm/gorm.go:61.2,61.106 1 0
github.com/go-pantheon/fabrica-kit/trace/gorm/gorm.go:61.106,63.3 1 0
github.com/go-pantheon/fabrica-kit/trace/gorm/gorm.go:65.2,65.108 1 0
github.com/go-pantheon/fabrica-kit/trace/gorm/gorm.go:65.108,67.3 1 0
github.com/go-pantheon/fabrica-kit/trace/gorm/gorm.go:69.2,69.108 1 0
github.com/go-pantheon/fabrica-kit/trace/gorm/gorm.go:69.108,71.3 1 0
github.com/go-pantheon/fabrica-kit/trace/gorm/gorm.go:73.2,73.96 1 0
github.com/go-pantheon/fabrica-kit/trace/gorm/gorm.go:73.96,75.3 1 0
github.com/go-pantheon/fabrica-kit/trace/gorm/gorm.go:77.2,77.96 1 0
github.com/go-pantheon/fabrica-kit/trace/gorm/gorm.go:77.96,79.3 1 0
github.com/go-pantheon/fabrica-kit/trace/gorm/gorm.go:81.2,81.12 1 0
github.com/go-pantheon/fabrica-kit/trace/gorm/gorm.go:84.26,86.47 2 0
github.com/go-pantheon/fabrica-kit/trace/gorm/gorm.go:86.47,88.3 1 0
github.com/go-pantheon/fabrica-kit/trace/gorm/gorm.go:90.2,94.3 3 0
github.com/go-pantheon/fabrica-kit/trace/gorm/gorm.go:97.25,101.75 3 0
github.com/go-pantheon/fabrica-kit/trace/gorm/gorm.go:101.75,104.3 2 0
github.com/go-pantheon/fabrica-kit/profile/admin.go:16.60,17.15 1 0
github.com/go-pantheon/fabrica-kit/profile/admin.go:17.15,19.3 1 0
github.com/go-pantheon/fabrica-kit/profile/admin.go:21.2,21.30 1 0
github.com/go-pantheon/fabrica-kit/profile/admin.go:21.30,23.3 1 0
github.com/go-pantheon/fabrica-kit/profile/admin.go:25.2,27.8 2 0
github.com/go-pantheon/fabrica-kit/profile/color.go:12.21,14.2 1 0
github.com/go-pantheon/fabrica-kit/profile/profile.go:14.19,16.2 1 0
github.com/go-pantheon/fabrica-kit/profile/profile.go:20.36,22.2 1 0
github.com/go-pantheon/fabrica-kit/profile/profile.go:26.37,28.2 1 0
github.com/go-pantheon/fabrica-kit/profile/profile.go:32.37,34.2 1 0
github.com/go-pantheon/fabrica-kit/profile/vars.go:19.103,26.2 6 0
github.com/go-pantheon/fabrica-kit/profile/vars.go:29.23,31.2 1 0
github.com/go-pantheon/fabrica-kit/profile/vars.go:34.21,36.2 1 0
github.com/go-pantheon/fabrica-kit/profile/vars.go:39.23,41.2 1 0
github.com/go-pantheon/fabrica-kit/profile/vars.go:44.24,46.2 1 0
github.com/go-pantheon/fabrica-kit/profile/vars.go:49.28,51.2 1 0
github.com/go-pantheon/fabrica-kit/profile/vars.go:54.20,56.2 1 0
github.com/go-pantheon/fabrica-kit/router/balancer/balancer.go:27.95,33.2 1 0
github.com/go-pantheon/fabrica-kit/router/balancer/balancer.go:35.70,35.71 0 0
github.com/go-pantheon/fabrica-kit/router/balancer/balancer.go:38.133,39.21 1 0
github.com/go-pantheon/fabrica-kit/router/balancer/balancer.go:39.21,41.3 1 0
github.com/go-pantheon/fabrica-kit/router/balancer/balancer.go:43.2,44.16 2 0
github.com/go-pantheon/fabrica-kit/router/balancer/balancer.go:44.16,46.3 1 0
github.com/go-pantheon/fabrica-kit/router/balancer/balancer.go:48.2,52.16 3 0
github.com/go-pantheon/fabrica-kit/router/balancer/balancer.go:52.16,54.3 1 0
github.com/go-pantheon/fabrica-kit/router/balancer/balancer.go:56.2,56.29 1 0
github.com/go-pantheon/fabrica-kit/router/balancer/balancer.go:56.29,57.29 1 0
github.com/go-pantheon/fabrica-kit/router/balancer/balancer.go:57.29,59.4 1 0
github.com/go-pantheon/fabrica-kit/router/balancer/balancer.go:62.2,63.21 2 0
github.com/go-pantheon/fabrica-kit/router/balancer/balancer.go:63.21,65.3 1 0
github.com/go-pantheon/fabrica-kit/router/balancer/balancer.go:68.2,68.34 1 0
github.com/go-pantheon/fabrica-kit/router/balancer/balancer.go:68.34,70.3 1 0
github.com/go-pantheon/fabrica-kit/router/balancer/balancer.go:74.2,75.16 2 0
github.com/go-pantheon/fabrica-kit/router/balancer/balancer.go:75.16,77.3 1 0
github.com/go-pantheon/fabrica-kit/router/balancer/balancer.go:79.2,79.8 1 0
github.com/go-pantheon/fabrica-kit/router/balancer/balancer.go:79.8,82.3 1 0
github.com/go-pantheon/fabrica-kit/router/balancer/balancer.go:84.2,86.29 2 0
github.com/go-pantheon/fabrica-kit/router/balancer/balancer.go:86.29,87.29 1 0
github.com/go-pantheon/fabrica-kit/router/balancer/balancer.go:87.29,89.4 1 0
github.com/go-pantheon/fabrica-kit/router/balancer/balancer.go:92.2,92.97 1 0
github.com/go-pantheon/fabrica-kit/router/balancer/balancer.go:97.92,107.29 4 0
github.com/go-pantheon/fabrica-kit/router/balancer/balancer.go:107.29,113.44 5 0
github.com/go-pantheon/fabrica-kit/router/balancer/balancer.go:113.44,116.4 2 0
github.com/go-pantheon/fabrica-kit/router/balancer/balancer.go:119.2,121.17 2 0
github.com/go-pantheon/fabrica-kit/router/balancer/balancer.go:124.56,126.9 2 0
github.com/go-pantheon/fabrica-kit/router/balancer/balancer.go:126.9,128.3 1 0
github.com/go-pantheon/fabrica-kit/router/balancer/balancer.go:130.2,131.16 2 0
github.com/go-pantheon/fabrica-kit/router/balancer/balancer.go:131.16,133.3 1 0
github.com/go-pantheon/fabrica-kit/router/balancer/balancer.go:135.2,135.17 1 0
github.com/go-pantheon/fabrica-kit/router/balancer/balancerbuilder.go:18.54,19.26 1 0
github.com/go-pantheon/fabrica-kit/router/balancer/balancerbuilder.go:19.26,21.3 1 0
github.com/go-pantheon/fabrica-kit/router/balancer/balancerbuilder.go:25.49,26.26 1 0
github.com/go-pantheon/fabrica-kit/router/balancer/balancerbuilder.go:26.26,28.3 1 0
github.com/go-pantheon/fabrica-kit/router/balancer/balancerbuilder.go:40.58,42.27 2 0
github.com/go-pantheon/fabrica-kit/router/balancer/balancerbuilder.go:42.27,44.3 1 0
github.com/go-pantheon/fabrica-kit/router/balancer/balancerbuilder.go:46.2,52.3 1 0
github.com/go-pantheon/fabrica-kit/router/balancer/balancerbuilder.go:56.53,58.2 1 0
github.com/go-pantheon/fabrica-kit/router/balancer/filter.go:14.38,15.74 1 0
github.com/go-pantheon/fabrica-kit/router/balancer/filter.go:15.74,18.27 2 0
github.com/go-pantheon/fabrica-kit/router/balancer/filter.go:18.27,19.62 1 0
github.com/go-pantheon/fabrica-kit/router/balancer/filter.go:19.62,21.5 1 0
github.com/go-pantheon/fabrica-kit/router/balancer/filter.go:24.3,24.18 1 0
github.com/go-pantheon/fabrica-kit/router/balancer/filter.go:28.50,29.51 1 0
github.com/go-pantheon/fabrica-kit/router/balancer/filter.go:29.51,31.3 1 0
github.com/go-pantheon/fabrica-kit/router/balancer/filter.go:33.2,33.24 1 0
github.com/go-pantheon/fabrica-kit/router/balancer/picker.go:18.52,22.2 1 0
github.com/go-pantheon/fabrica-kit/router/balancer/picker.go:25.76,28.57 2 0
github.com/go-pantheon/fabrica-kit/router/balancer/picker.go:28.57,29.42 1 0
github.com/go-pantheon/fabrica-kit/router/balancer/picker.go:29.42,31.4 1 0
github.com/go-pantheon/fabrica-kit/router/balancer/picker.go:34.2,35.16 2 0
github.com/go-pantheon/fabrica-kit/router/balancer/picker.go:35.16,37.3 1 0
github.com/go-pantheon/fabrica-kit/router/balancer/picker.go:39.2,41.36 1 0
github.com/go-pantheon/fabrica-kit/router/balancer/picker.go:41.36,48.4 1 0
github.com/go-pantheon/fabrica-kit/router/balancer/picker.go:56.39,58.16 2 0
github.com/go-pantheon/fabrica-kit/router/balancer/picker.go:58.16,60.3 1 0
github.com/go-pantheon/fabrica-kit/router/balancer/picker.go:62.2,62.11 1 0
github.com/go-pantheon/fabrica-kit/router/balancer/pickerbuilder.go:18.64,22.2 1 0
github.com/go-pantheon/fabrica-kit/router/balancer/pickerbuilder.go:25.74,26.29 1 0
github.com/go-pantheon/fabrica-kit/router/balancer/pickerbuilder.go:26.29,29.3 1 0
github.com/go-pantheon/fabrica-kit/router/balancer/pickerbuilder.go:31.2,33.40 2 0
github.com/go-pantheon/fabrica-kit/router/balancer/pickerbuilder.go:33.40,36.3 2 0
github.com/go-pantheon/fabrica-kit/router/balancer/pickerbuilder.go:38.2,41.10 3 0
github.com/go-pantheon/fabrica-kit/router/balancer/pickerbuilder.go:52.74,57.2 1 0
github.com/go-pantheon/fabrica-kit/router/balancer/register.go:31.55,32.44 1 0
github.com/go-pantheon/fabrica-kit/router/balancer/register.go:32.44,34.3 1 0
github.com/go-pantheon/fabrica-kit/router/balancer/register.go:36.2,38.45 3 0
github.com/go-pantheon/fabrica-kit/router/balancer/register.go:43.55,44.44 1 0
github.com/go-pantheon/fabrica-kit/router/balancer/register.go:44.44,46.3 1 0
github.com/go-pantheon/fabrica-kit/router/balancer/register.go:48.2,50.45 3 0
github.com/go-pantheon/fabrica-kit/router/balancer/register.go:53.75,60.2 2 0
github.com/go-pantheon/fabrica-kit/router/routetable/redis/redis.go:21.52,25.2 1 0
github.com/go-pantheon/fabrica-kit/router/routetable/redis/redis.go:28.92,30.2 1 0
github.com/go-pantheon/fabrica-kit/router/routetable/redis/redis.go:33.76,35.2 1 0
github.com/go-pantheon/fabrica-kit/router/routetable/redis/redis.go:38.65,40.2 1 0
github.com/go-pantheon/fabrica-kit/router/routetable/redis/redis.go:43.105,45.34 2 0
github.com/go-pantheon/fabrica-kit/router/routetable/redis/redis.go:45.34,47.3 1 0
github.com/go-pantheon/fabrica-kit/router/routetable/redis/redis.go:49.2,49.64 1 0
github.com/go-pantheon/fabrica-kit/router/routetable/redis/redis.go:49.64,51.3 1 0
github.com/go-pantheon/fabrica-kit/router/routetable/redis/redis.go:53.2,53.23 1 0
github.com/go-pantheon/fabrica-kit/router/routetable/redis/redis.go:57.115,59.16 2 0
github.com/go-pantheon/fabrica-kit/router/routetable/redis/redis.go:59.16,61.3 1 0
github.com/go-pantheon/fabrica-kit/router/routetable/redis/redis.go:63.2,63.9 1 0
github.com/go-pantheon/fabrica-kit/router/routetable/redis/redis.go:63.9,66.3 2 0
github.com/go-pantheon/fabrica-kit/router/routetable/redis/redis.go:68.2,68.23 1 0
github.com/go-pantheon/fabrica-kit/router/routetable/redis/redis.go:72.104,74.16 2 0
github.com/go-pantheon/fabrica-kit/router/routetable/redis/redis.go:74.16,76.3 1 0
github.com/go-pantheon/fabrica-kit/router/routetable/redis/redis.go:78.2,78.61 1 0
github.com/go-pantheon/fabrica-kit/router/routetable/redis/redis.go:78.61,80.3 1 0
github.com/go-pantheon/fabrica-kit/router/routetable/redis/redis.go:82.2,82.17 1 0
github.com/go-pantheon/fabrica-kit/router/routetable/redis/redis.go:86.90,88.2 1 0
github.com/go-pantheon/fabrica-kit/router/routetable/redis/redis.go:90.104,91.34 1 0
github.com/go-pantheon/fabrica-kit/router/routetable/redis/redis.go:91.34,93.32 2 0
github.com/go-pantheon/fabrica-kit/router/routetable/redis/redis.go:93.32,95.4 1 0
github.com/go-pantheon/fabrica-kit/router/routetable/redis/redis.go:97.3,97.17 1 0
github.com/go-pantheon/fabrica-kit/router/routetable/redis/redis.go:97.17,99.4 1 0
github.com/go-pantheon/fabrica-kit/router/routetable/redis/redis.go:101.3,101.18 1 0
github.com/go-pantheon/fabrica-kit/router/routetable/redis/redis.go:101.18,103.4 1 0
github.com/go-pantheon/fabrica-kit/router/routetable/redis/redis.go:105.3,107.13 2 0
github.com/go-pantheon/fabrica-kit/router/routetable/redis/redis.go:113.2,114.9 2 0
github.com/go-pantheon/fabrica-kit/router/routetable/redis/redis.go:114.9,117.32 2 0
github.com/go-pantheon/fabrica-kit/router/routetable/redis/redis.go:117.32,119.4 1 0
github.com/go-pantheon/fabrica-kit/router/routetable/redis/redis.go:121.3,121.17 1 0
github.com/go-pantheon/fabrica-kit/router/routetable/redis/redis.go:121.17,123.4 1 0
github.com/go-pantheon/fabrica-kit/router/routetable/redis/redis.go:125.3,125.20 1 0
github.com/go-pantheon/fabrica-kit/router/routetable/redis/redis.go:125.20,127.4 1 0
github.com/go-pantheon/fabrica-kit/router/routetable/redis/redis.go:129.3,129.38 1 0
github.com/go-pantheon/fabrica-kit/router/routetable/redis/redis.go:132.2,132.36 1 0
github.com/go-pantheon/fabrica-kit/router/routetable/redis/redis.go:136.79,137.34 1 0
github.com/go-pantheon/fabrica-kit/router/routetable/redis/redis.go:137.34,139.32 2 0
github.com/go-pantheon/fabrica-kit/router/routetable/redis/redis.go:139.32,141.4 1 0
github.com/go-pantheon/fabrica-kit/router/routetable/redis/redis.go:143.3,143.17 1 0
github.com/go-pantheon/fabrica-kit/router/routetable/redis/redis.go:143.17,145.4 1 0
github.com/go-pantheon/fabrica-kit/router/routetable/redis/redis.go:147.3,147.18 1 0
github.com/go-pantheon/fabrica-kit/router/routetable/redis/redis.go:147.18,149.4 1 0
github.com/go-pantheon/fabrica-kit/router/routetable/redis/redis.go:151.3,153.13 2 0
github.com/go-pantheon/fabrica-kit/router/routetable/redis/redis.go:159.2,160.9 2 0
github.com/go-pantheon/fabrica-kit/router/routetable/redis/redis.go:160.9,163.32 2 0
github.com/go-pantheon/fabrica-kit/router/routetable/redis/redis.go:163.32,165.4 1 0
github.com/go-pantheon/fabrica-kit/router/routetable/redis/redis.go:167.3,167.17 1 0
github.com/go-pantheon/fabrica-kit/router/routetable/redis/redis.go:167.17,169.4 1 0
github.com/go-pantheon/fabrica-kit/router/routetable/redis/redis.go:171.3,171.20 1 0
github.com/go-pantheon/fabrica-kit/router/routetable/redis/redis.go:171.20,173.4 1 0
github.com/go-pantheon/fabrica-kit/router/routetable/redis/redis.go:175.3,175.38 1 0
github.com/go-pantheon/fabrica-kit/router/routetable/redis/redis.go:178.2,178.36 1 0
github.com/go-pantheon/fabrica-kit/xcontext/context.go:34.66,36.2 1 0
github.com/go-pantheon/fabrica-kit/xcontext/context.go:39.40,40.51 1 0
github.com/go-pantheon/fabrica-kit/xcontext/context.go:40.51,42.3 1 0
github.com/go-pantheon/fabrica-kit/xcontext/context.go:44.2,44.11 1 0
github.com/go-pantheon/fabrica-kit/xcontext/context.go:48.60,50.2 1 0
github.com/go-pantheon/fabrica-kit/xcontext/context.go:54.46,56.9 2 0
github.com/go-pantheon/fabrica-kit/xcontext/context.go:56.9,58.3 1 0
github.com/go-pantheon/fabrica-kit/xcontext/context.go:60.2,63.16 3 0
github.com/go-pantheon/fabrica-kit/xcontext/context.go:63.16,65.3 1 0
github.com/go-pantheon/fabrica-kit/xcontext/context.go:67.2,67.16 1 0
github.com/go-pantheon/fabrica-kit/xcontext/context.go:71.60,73.2 1 0
github.com/go-pantheon/fabrica-kit/xcontext/context.go:77.46,79.9 2 0
github.com/go-pantheon/fabrica-kit/xcontext/context.go:79.9,81.3 1 0
github.com/go-pantheon/fabrica-kit/xcontext/context.go:83.2,86.16 3 0
github.com/go-pantheon/fabrica-kit/xcontext/context.go:86.16,88.3 1 0
github.com/go-pantheon/fabrica-kit/xcontext/context.go:90.2,90.16 1 0
github.com/go-pantheon/fabrica-kit/xcontext/context.go:94.60,96.2 1 0
github.com/go-pantheon/fabrica-kit/xcontext/context.go:100.46,102.9 2 0
github.com/go-pantheon/fabrica-kit/xcontext/context.go:102.9,104.3 1 0
github.com/go-pantheon/fabrica-kit/xcontext/context.go:106.2,109.16 3 0
github.com/go-pantheon/fabrica-kit/xcontext/context.go:109.16,111.3 1 0
github.com/go-pantheon/fabrica-kit/xcontext/context.go:113.2,113.16 1 0
github.com/go-pantheon/fabrica-kit/xcontext/context.go:118.67,119.17 1 0
github.com/go-pantheon/fabrica-kit/xcontext/context.go:119.17,121.3 1 0
github.com/go-pantheon/fabrica-kit/xcontext/context.go:123.2,123.86 1 0
github.com/go-pantheon/fabrica-kit/xcontext/context.go:128.40,129.51 1 0
github.com/go-pantheon/fabrica-kit/xcontext/context.go:129.51,133.17 3 0
github.com/go-pantheon/fabrica-kit/xcontext/context.go:133.17,136.4 2 0
github.com/go-pantheon/fabrica-kit/xcontext/context.go:138.3,138.16 1 0
github.com/go-pantheon/fabrica-kit/xcontext/context.go:141.2,141.10 1 0
github.com/go-pantheon/fabrica-kit/xcontext/context.go:146.66,147.18 1 0
github.com/go-pantheon/fabrica-kit/xcontext/context.go:147.18,149.3 1 0
github.com/go-pantheon/fabrica-kit/xcontext/context.go:151.2,151.84 1 0
github.com/go-pantheon/fabrica-kit/xcontext/context.go:155.43,156.51 1 0
github.com/go-pantheon/fabrica-kit/xcontext/context.go:156.51,158.3 1 0
github.com/go-pantheon/fabrica-kit/xcontext/context.go:160.2,160.11 1 0
github.com/go-pantheon/fabrica-kit/xcontext/context.go:165.85,166.22 1 0
github.com/go-pantheon/fabrica-kit/xcontext/context.go:166.22,168.3 1 0
github.com/go-pantheon/fabrica-kit/xcontext/context.go:170.2,170.95 1 0
github.com/go-pantheon/fabrica-kit/xcontext/context.go:174.46,175.51 1 0
github.com/go-pantheon/fabrica-kit/xcontext/context.go:175.51,177.3 1 0
github.com/go-pantheon/fabrica-kit/xcontext/context.go:179.2,179.11 1 0
github.com/go-pantheon/fabrica-kit/router/conn/conn.go:31.144,32.22 1 0
github.com/go-pantheon/fabrica-kit/router/conn/conn.go:33.27,34.38 1 0
github.com/go-pantheon/fabrica-kit/router/conn/conn.go:35.27,36.38 1 0
github.com/go-pantheon/fabrica-kit/router/conn/conn.go:37.10,38.71 1 0
github.com/go-pantheon/fabrica-kit/router/conn/conn.go:41.2,57.16 2 0
github.com/go-pantheon/fabrica-kit/router/conn/conn.go:57.16,59.3 1 0
github.com/go-pantheon/fabrica-kit/router/conn/conn.go:61.2,61.46 1 0
github.com/go-pantheon/fabrica-kit/metrics/metrics.go:19.13,21.2 1 0
github.com/go-pantheon/fabrica-kit/metrics/metrics.go:25.24,29.16 3 0
github.com/go-pantheon/fabrica-kit/metrics/metrics.go:29.16,30.13 1 0
github.com/go-pantheon/fabrica-kit/metrics/metrics.go:33.2,36.16 3 0
github.com/go-pantheon/fabrica-kit/metrics/metrics.go:36.16,37.13 1 0
github.com/go-pantheon/fabrica-kit/metrics/metrics.go:40.2,40.27 1 0
github.com/go-pantheon/fabrica-kit/metrics/metrics.go:44.37,49.2 1 0
github.com/go-pantheon/fabrica-kit/metrics/metrics.go:52.37,57.2 1 0
github.com/go-pantheon/fabrica-kit/trace/trace.go:17.65,22.16 2 0
github.com/go-pantheon/fabrica-kit/trace/trace.go:22.16,24.3 1 0
github.com/go-pantheon/fabrica-kit/trace/trace.go:26.2,37.12 3 0
github.com/go-pantheon/fabrica-kit/trace/postgresql/postgresql.go:24.76,35.2 1 0
github.com/go-pantheon/fabrica-kit/trace/postgresql/postgresql.go:37.85,40.38 2 0
github.com/go-pantheon/fabrica-kit/trace/postgresql/postgresql.go:40.38,42.3 1 0
github.com/go-pantheon/fabrica-kit/trace/postgresql/postgresql.go:44.2,44.35 1 0
github.com/go-pantheon/fabrica-kit/trace/postgresql/postgresql.go:44.35,46.3 1 0
github.com/go-pantheon/fabrica-kit/trace/postgresql/postgresql.go:49.2,56.16 4 0
github.com/go-pantheon/fabrica-kit/trace/postgresql/postgresql.go:56.16,58.3 1 0
github.com/go-pantheon/fabrica-kit/trace/postgresql/postgresql.go:60.2,60.50 1 0
github.com/go-pantheon/fabrica-kit/trace/redis/redis.go:21.44,27.2 1 0
github.com/go-pantheon/fabrica-kit/trace/redis/redis.go:30.74,31.19 1 0
github.com/go-pantheon/fabrica-kit/trace/redis/redis.go:31.19,33.3 1 0
github.com/go-pantheon/fabrica-kit/trace/redis/redis.go:35.2,38.3 1 0
github.com/go-pantheon/fabrica-kit/trace/redis/redis.go:42.116,53.2 4 0
github.com/go-pantheon/fabrica-kit/trace/redis/redis.go:56.118,67.2 4 0
github.com/go-pantheon/fabrica-kit/trace/redis/redis.go:70.44,72.2 1 0
github.com/go-pantheon/fabrica-kit/trace/redis/redis.go:75.53,78.2 2 0
github.com/go-pantheon/fabrica-kit/xerrors/apierrors.go:40.63,41.16 1 0
github.com/go-pantheon/fabrica-kit/xerrors/apierrors.go:41.16,43.3 1 0
github.com/go-pantheon/fabrica-kit/xerrors/apierrors.go:45.2,45.52 1 0
github.com/go-pantheon/fabrica-kit/xerrors/apierrors.go:50.62,51.16 1 0
github.com/go-pantheon/fabrica-kit/xerrors/apierrors.go:51.16,53.3 1 0
github.com/go-pantheon/fabrica-kit/xerrors/apierrors.go:55.2,55.52 1 0
github.com/go-pantheon/fabrica-kit/xerrors/apierrors.go:60.66,61.16 1 0
github.com/go-pantheon/fabrica-kit/xerrors/apierrors.go:61.16,63.3 1 0
github.com/go-pantheon/fabrica-kit/xerrors/apierrors.go:65.2,65.57 1 0
github.com/go-pantheon/fabrica-kit/xerrors/apierrors.go:70.58,71.16 1 0
github.com/go-pantheon/fabrica-kit/xerrors/apierrors.go:71.16,73.3 1 0
github.com/go-pantheon/fabrica-kit/xerrors/apierrors.go:75.2,75.46 1 0
github.com/go-pantheon/fabrica-kit/xerrors/apierrors.go:80.63,81.16 1 0
github.com/go-pantheon/fabrica-kit/xerrors/apierrors.go:81.16,83.3 1 0
github.com/go-pantheon/fabrica-kit/xerrors/apierrors.go:85.2,85.51 1 0
github.com/go-pantheon/fabrica-kit/xerrors/apierrors.go:90.67,91.16 1 0
github.com/go-pantheon/fabrica-kit/xerrors/apierrors.go:91.16,93.3 1 0
github.com/go-pantheon/fabrica-kit/xerrors/apierrors.go:95.2,95.56 1 0
github.com/go-pantheon/fabrica-kit/xerrors/apierrors.go:100.64,101.16 1 0
github.com/go-pantheon/fabrica-kit/xerrors/apierrors.go:101.16,103.3 1 0
github.com/go-pantheon/fabrica-kit/xerrors/apierrors.go:105.2,105.56 1 0
github.com/go-pantheon/fabrica-kit/xerrors/apierrors.go:110.64,111.16 1 0
github.com/go-pantheon/fabrica-kit/xerrors/apierrors.go:111.16,113.3 1 0
github.com/go-pantheon/fabrica-kit/xerrors/apierrors.go:115.2,115.56 1 0
github.com/go-pantheon/fabrica-kit/xerrors/apierrors.go:120.60,121.16 1 0
github.com/go-pantheon/fabrica-kit/xerrors/apierrors.go:121.16,123.3 1 0
github.com/go-pantheon/fabrica-kit/xerrors/apierrors.go:125.2,125.52 1 0
github.com/go-pantheon/fabrica-kit/xerrors/apierrors.go:130.68,131.16 1 0
github.com/go-pantheon/fabrica-kit/xerrors/apierrors.go:131.16,133.3 1 0
github.com/go-pantheon/fabrica-kit/xerrors/apierrors.go:135.2,135.61 1 0
github.com/go-pantheon/fabrica-kit/xerrors/apierrors.go:140.61,141.16 1 0
github.com/go-pantheon/fabrica-kit/xerrors/apierrors.go:141.16,143.3 1 0
github.com/go-pantheon/fabrica-kit/xerrors/apierrors.go:145.2,145.55 1 0
github.com/go-pantheon/fabrica-kit/xerrors/apierrors.go:150.58,151.16 1 0
github.com/go-pantheon/fabrica-kit/xerrors/apierrors.go:151.16,153.3 1 0
github.com/go-pantheon/fabrica-kit/xerrors/apierrors.go:155.2,155.52 1 0
github.com/go-pantheon/fabrica-kit/xerrors/apierrors.go:160.62,161.16 1 0
github.com/go-pantheon/fabrica-kit/xerrors/apierrors.go:161.16,163.3 1 0
github.com/go-pantheon/fabrica-kit/xerrors/apierrors.go:165.2,165.51 1 0
github.com/go-pantheon/fabrica-kit/xerrors/logouterrors.go:21.36,27.2 1 0
github.com/go-pantheon/fabrica-kit/xlog/gorm.go:17.69,27.21 2 0
github.com/go-pantheon/fabrica-kit/xlog/gorm.go:27.21,34.3 6 0
github.com/go-pantheon/fabrica-kit/xlog/gorm.go:36.2,45.3 1 0
github.com/go-pantheon/fabrica-kit/xlog/gorm.go:67.66,72.2 3 0
github.com/go-pantheon/fabrica-kit/xlog/gorm.go:75.77,77.2 1 0
github.com/go-pantheon/fabrica-kit/xlog/gorm.go:80.77,82.2 1 0
github.com/go-pantheon/fabrica-kit/xlog/gorm.go:85.78,87.2 1 0
github.com/go-pantheon/fabrica-kit/xlog/gorm.go:90.100,93.9 2 0
github.com/go-pantheon/fabrica-kit/xlog/gorm.go:94.95,97.17 2 0
github.com/go-pantheon/fabrica-kit/xlog/gorm.go:97.17,99.4 1 0
github.com/go-pantheon/fabrica-kit/xlog/gorm.go:99.9,101.4 1 0
github.com/go-pantheon/fabrica-kit/xlog/gorm.go:102.57,106.17 3 0
github.com/go-pantheon/fabrica-kit/xlog/gorm.go:106.17,108.4 1 0
github.com/go-pantheon/fabrica-kit/xlog/gorm.go:108.9,110.4 1 0
github.com/go-pantheon/fabrica-kit/xlog/gorm.go:111.10,114.17 2 0
github.com/go-pantheon/fabrica-kit/xlog/gorm.go:114.17,116.4 1 0
github.com/go-pantheon/fabrica-kit/xlog/gorm.go:116.9,118.4 1 0
github.com/go-pantheon/fabrica-kit/xlog/log.go:22.112,25.17 2 0
github.com/go-pantheon/fabrica-kit/xlog/log.go:26.13,27.32 1 0
github.com/go-pantheon/fabrica-kit/xlog/log.go:28.10,29.27 1 0
github.com/go-pantheon/fabrica-kit/xlog/log.go:32.2,45.8 3 0
github.com/go-pantheon/fabrica-kit/xlog/log.go:48.47,60.18 3 0
github.com/go-pantheon/fabrica-kit/xlog/log.go:61.15,62.29 1 0
github.com/go-pantheon/fabrica-kit/xlog/log.go:63.14,64.28 1 0
github.com/go-pantheon/fabrica-kit/xlog/log.go:65.14,66.28 1 0
github.com/go-pantheon/fabrica-kit/xlog/log.go:67.15,68.29 1 0
github.com/go-pantheon/fabrica-kit/xlog/log.go:69.10,70.28 1 0
github.com/go-pantheon/fabrica-kit/xlog/log.go:73.2,78.32 3 0
github.com/go-pantheon/fabrica-kit/ip/ip.go:35.26,37.16 2 1
github.com/go-pantheon/fabrica-kit/ip/ip.go:37.16,39.3 1 0
github.com/go-pantheon/fabrica-kit/ip/ip.go:41.2,41.31 1 1
github.com/go-pantheon/fabrica-kit/ip/ip.go:41.31,43.73 1 17
github.com/go-pantheon/fabrica-kit/ip/ip.go:43.73,44.12 1 3
github.com/go-pantheon/fabrica-kit/ip/ip.go:47.3,48.17 2 14
github.com/go-pantheon/fabrica-kit/ip/ip.go:48.17,49.12 1 0
github.com/go-pantheon/fabrica-kit/ip/ip.go:52.3,52.30 1 14
github.com/go-pantheon/fabrica-kit/ip/ip.go:52.30,54.36 2 3
github.com/go-pantheon/fabrica-kit/ip/ip.go:54.36,55.13 1 0
github.com/go-pantheon/fabrica-kit/ip/ip.go:59.4,59.43 1 3
github.com/go-pantheon/fabrica-kit/ip/ip.go:59.43,61.5 1 1
github.com/go-pantheon/fabrica-kit/ip/ip.go:65.2,65.11 1 0
github.com/go-pantheon/fabrica-kit/ip/ip.go:71.65,73.16 2 5
github.com/go-pantheon/fabrica-kit/ip/ip.go:73.16,75.3 1 1
github.com/go-pantheon/fabrica-kit/ip/ip.go:78.2,78.16 1 4
github.com/go-pantheon/fabrica-kit/ip/ip.go:78.16,79.29 1 1
github.com/go-pantheon/fabrica-kit/ip/ip.go:79.29,81.4 1 1
github.com/go-pantheon/fabrica-kit/ip/ip.go:85.2,85.71 1 4
github.com/go-pantheon/fabrica-kit/ip/ip.go:85.71,87.3 1 2
github.com/go-pantheon/fabrica-kit/ip/ip.go:90.2,91.16 2 2
github.com/go-pantheon/fabrica-kit/ip/ip.go:91.16,93.3 1 0
github.com/go-pantheon/fabrica-kit/ip/ip.go:95.2,95.31 1 2
github.com/go-pantheon/fabrica-kit/ip/ip.go:95.31,97.73 1 34
github.com/go-pantheon/fabrica-kit/ip/ip.go:97.73,98.12 1 6
github.com/go-pantheon/fabrica-kit/ip/ip.go:101.3,102.17 2 28
github.com/go-pantheon/fabrica-kit/ip/ip.go:102.17,103.12 1 0
github.com/go-pantheon/fabrica-kit/ip/ip.go:106.3,106.33 1 28
github.com/go-pantheon/fabrica-kit/ip/ip.go:106.33,108.34 2 6
github.com/go-pantheon/fabrica-kit/ip/ip.go:109.21,110.17 1 0
github.com/go-pantheon/fabrica-kit/ip/ip.go:111.20,112.17 1 6
github.com/go-pantheon/fabrica-kit/ip/ip.go:113.12,114.13 1 0
github.com/go-pantheon/fabrica-kit/ip/ip.go:117.4,117.32 1 6
github.com/go-pantheon/fabrica-kit/ip/ip.go:117.32,119.5 1 2
github.com/go-pantheon/fabrica-kit/ip/ip.go:123.2,123.32 1 0
github.com/go-pantheon/fabrica-kit/ip/ip.go:128.41,129.16 1 4
github.com/go-pantheon/fabrica-kit/ip/ip.go:129.16,131.3 1 1
github.com/go-pantheon/fabrica-kit/ip/ip.go:133.2,134.9 2 3
github.com/go-pantheon/fabrica-kit/ip/ip.go:134.9,136.3 1 1
github.com/go-pantheon/fabrica-kit/ip/ip.go:138.2,138.24 1 2
github.com/go-pantheon/fabrica-kit/ip/ip.go:143.36,145.15 2 19
github.com/go-pantheon/fabrica-kit/ip/ip.go:145.15,147.3 1 2
github.com/go-pantheon/fabrica-kit/ip/ip.go:149.2,149.33 1 17
github.com/go-pantheon/fabrica-kit/ip/ip.go:149.33,157.3 1 10
github.com/go-pantheon/fabrica-kit/ip/ip.go:160.2,160.53 1 7
github.com/go-pantheon/fabrica-kit/ip/ip.go:166.46,167.16 1 7
github.com/go-pantheon/fabrica-kit/ip/ip.go:167.16,169.3 1 1
github.com/go-pantheon/fabrica-kit/ip/ip.go:171.2,172.9 2 6
github.com/go-pantheon/fabrica-kit/ip/ip.go:172.9,174.3 1 0
github.com/go-pantheon/fabrica-kit/ip/ip.go:177.2,177.61 1 6
github.com/go-pantheon/fabrica-kit/ip/ip.go:177.61,180.21 2 4
github.com/go-pantheon/fabrica-kit/ip/ip.go:180.21,182.4 1 4
github.com/go-pantheon/fabrica-kit/ip/ip.go:186.2,186.55 1 2
github.com/go-pantheon/fabrica-kit/ip/ip.go:186.55,188.3 1 1
github.com/go-pantheon/fabrica-kit/ip/ip.go:190.2,190.11 1 1
github.com/go-pantheon/fabrica-kit/metrics/postgresql/metrics.go:57.70,58.23 1 6
github.com/go-pantheon/fabrica-kit/metrics/postgresql/metrics.go:58.23,60.3 1 0
github.com/go-pantheon/fabrica-kit/metrics/postgresql/metrics.go:62.2,71.3 1 6
github.com/go-pantheon/fabrica-kit/metrics/postgresql/metrics.go:75.58,76.19 1 8
github.com/go-pantheon/fabrica-kit/metrics/postgresql/metrics.go:76.19,78.3 1 1
github.com/go-pantheon/fabrica-kit/metrics/postgresql/metrics.go:80.2,91.30 4 7
github.com/go-pantheon/fabrica-kit/metrics/postgresql/metrics.go:91.30,92.44 1 5
github.com/go-pantheon/fabrica-kit/metrics/postgresql/metrics.go:92.44,94.4 1 0
github.com/go-pantheon/fabrica-kit/metrics/postgresql/metrics.go:98.2,98.31 1 7
github.com/go-pantheon/fabrica-kit/metrics/postgresql/metrics.go:98.31,99.45 1 6
github.com/go-pantheon/fabrica-kit/metrics/postgresql/metrics.go:99.45,101.4 1 0
github.com/go-pantheon/fabrica-kit/metrics/postgresql/metrics.go:105.2,105.32 1 7
github.com/go-pantheon/fabrica-kit/metrics/postgresql/metrics.go:105.32,106.46 1 6
github.com/go-pantheon/fabrica-kit/metrics/postgresql/metrics.go:106.46,108.4 1 0
github.com/go-pantheon/fabrica-kit/metrics/postgresql/metrics.go:111.2,111.15 1 7
github.com/go-pantheon/fabrica-kit/metrics/postgresql/metrics.go:115.43,122.16 3 5
github.com/go-pantheon/fabrica-kit/metrics/postgresql/metrics.go:122.16,124.3 1 0
github.com/go-pantheon/fabrica-kit/metrics/postgresql/metrics.go:126.2,130.16 2 5
github.com/go-pantheon/fabrica-kit/metrics/postgresql/metrics.go:130.16,132.3 1 0
github.com/go-pantheon/fabrica-kit/metrics/postgresql/metrics.go:134.2,138.16 2 5
github.com/go-pantheon/fabrica-kit/metrics/postgresql/metrics.go:138.16,140.3 1 0
github.com/go-pantheon/fabrica-kit/metrics/postgresql/metrics.go:142.2,146.16 2 5
github.com/go-pantheon/fabrica-kit/metrics/postgresql/metrics.go:146.16,148.3 1 0
github.com/go-pantheon/fabrica-kit/metrics/postgresql/metrics.go:150.2,154.16 2 5
github.com/go-pantheon/fabrica-kit/metrics/postgresql/metrics.go:154.16,156.3 1 0
github.com/go-pantheon/fabrica-kit/metrics/postgresql/metrics.go:158.2,163.16 2 5
github.com/go-pantheon/fabrica-kit/metrics/postgresql/metrics.go:163.16,165.3 1 0
github.com/go-pantheon/fabrica-kit/metrics/postgresql/metrics.go:167.2,171.16 2 5
github.com/go-pantheon/fabrica-kit/metrics/postgresql/metrics.go:171.16,173.3 1 0
github.com/go-pantheon/fabrica-kit/metrics/postgresql/metrics.go:175.2,179.16 2 5
github.com/go-pantheon/fabrica-kit/metrics/postgresql/metrics.go:179.16,181.3 1 0
github.com/go-pantheon/fabrica-kit/metrics/postgresql/metrics.go:183.2,183.12 1 5
github.com/go-pantheon/fabrica-kit/metrics/postgresql/metrics.go:187.44,195.16 3 6
github.com/go-pantheon/fabrica-kit/metrics/postgresql/metrics.go:195.16,197.3 1 0
github.com/go-pantheon/fabrica-kit/metrics/postgresql/metrics.go:199.2,203.16 2 6
github.com/go-pantheon/fabrica-kit/metrics/postgresql/metrics.go:203.16,205.3 1 0
github.com/go-pantheon/fabrica-kit/metrics/postgresql/metrics.go:207.2,211.16 2 6
github.com/go-pantheon/fabrica-kit/metrics/postgresql/metrics.go:211.16,213.3 1 0
github.com/go-pantheon/fabrica-kit/metrics/postgresql/metrics.go:215.2,215.12 1 6
github.com/go-pantheon/fabrica-kit/metrics/postgresql/metrics.go:219.45,227.16 3 6
github.com/go-pantheon/fabrica-kit/metrics/postgresql/metrics.go:227.16,229.3 1 0
github.com/go-pantheon/fabrica-kit/metrics/postgresql/metrics.go:231.2,235.16 2 6
github.com/go-pantheon/fabrica-kit/metrics/postgresql/metrics.go:235.16,237.3 1 0
github.com/go-pantheon/fabrica-kit/metrics/postgresql/metrics.go:239.2,243.16 2 6
github.com/go-pantheon/fabrica-kit/metrics/postgresql/metrics.go:243.16,245.3 1 0
github.com/go-pantheon/fabrica-kit/metrics/postgresql/metrics.go:247.2,247.12 1 6
github.com/go-pantheon/fabrica-kit/metrics/postgresql/metrics.go:251.59,256.2 1 5
github.com/go-pantheon/fabrica-kit/metrics/postgresql/metrics.go:259.64,260.36 1 1
github.com/go-pantheon/fabrica-kit/metrics/postgresql/metrics.go:260.36,262.3 1 1
github.com/go-pantheon/fabrica-kit/metrics/postgresql/metrics.go:264.2,274.89 10 0
github.com/go-pantheon/fabrica-kit/metrics/postgresql/metrics.go:278.87,279.28 1 3
github.com/go-pantheon/fabrica-kit/metrics/postgresql/metrics.go:279.28,281.3 1 1
github.com/go-pantheon/fabrica-kit/metrics/postgresql/metrics.go:283.2,290.14 5 2
github.com/go-pantheon/fabrica-kit/metrics/postgresql/metrics.go:290.14,292.3 1 1
github.com/go-pantheon/fabrica-kit/metrics/postgresql/metrics.go:296.75,297.34 1 3
github.com/go-pantheon/fabrica-kit/metrics/postgresql/metrics.go:297.34,299.3 1 1
github.com/go-pantheon/fabrica-kit/metrics/postgresql/metrics.go:301.2,307.14 5 2
github.com/go-pantheon/fabrica-kit/metrics/postgresql/metrics.go:307.14,309.3 1 1
github.com/go-pantheon/fabrica-kit/metrics/postgresql/metrics.go:313.91,314.36 1 0
github.com/go-pantheon/fabrica-kit/metrics/postgresql/metrics.go:314.36,315.17 1 0
github.com/go-pantheon/fabrica-kit/metrics/postgresql/metrics.go:315.18,315.19 0 0
github.com/go-pantheon/fabrica-kit/metrics/postgresql/metrics.go:318.2,320.12 2 0
github.com/go-pantheon/fabrica-kit/metrics/postgresql/metrics.go:320.12,324.7 3 0
github.com/go-pantheon/fabrica-kit/metrics/postgresql/metrics.go:324.7,325.11 1 0
github.com/go-pantheon/fabrica-kit/metrics/postgresql/metrics.go:326.22,327.11 1 0
github.com/go-pantheon/fabrica-kit/metrics/postgresql/metrics.go:328.20,330.39 2 0
github.com/go-pantheon/fabrica-kit/metrics/postgresql/metrics.go:335.2,335.15 1 0
github.com/go-pantheon/fabrica-kit/metrics/postgresql/monitor.go:19.71,21.16 2 0
github.com/go-pantheon/fabrica-kit/metrics/postgresql/monitor.go:21.16,23.3 1 0
github.com/go-pantheon/fabrica-kit/metrics/postgresql/monitor.go:25.2,31.30 2 0
github.com/go-pantheon/fabrica-kit/metrics/postgresql/monitor.go:31.30,34.3 2 0
github.com/go-pantheon/fabrica-kit/metrics/postgresql/monitor.go:36.2,36.21 1 0
github.com/go-pantheon/fabrica-kit/metrics/postgresql/monitor.go:40.100,50.2 6 0
github.com/go-pantheon/fabrica-kit/metrics/postgresql/monitor.go:53.100,63.2 6 0
github.com/go-pantheon/fabrica-kit/metrics/postgresql/monitor.go:66.59,76.2 6 0
github.com/go-pantheon/fabrica-kit/metrics/postgresql/monitor.go:79.28,83.22 3 0
github.com/go-pantheon/fabrica-kit/metrics/postgresql/monitor.go:83.22,86.3 2 0
github.com/go-pantheon/fabrica-kit/metrics/postgresql/monitor.go:90.33,92.2 1 0
github.com/go-pantheon/fabrica-kit/version/version.go:17.70,18.17 1 9
github.com/go-pantheon/fabrica-kit/version/version.go:18.17,20.3 1 0
github.com/go-pantheon/fabrica-kit/version/version.go:22.2,23.18 2 9
github.com/go-pantheon/fabrica-kit/version/version.go:23.18,25.3 1 2
github.com/go-pantheon/fabrica-kit/version/version.go:27.2,29.36 2 7
github.com/go-pantheon/fabrica-kit/version/version.go:29.36,31.3 1 1
github.com/go-pantheon/fabrica-kit/version/version.go:33.2,36.19 3 6
github.com/go-pantheon/fabrica-kit/version/version.go:36.19,38.3 1 2
github.com/go-pantheon/fabrica-kit/version/version.go:40.2,45.16 4 4
github.com/go-pantheon/fabrica-kit/version/version.go:45.16,47.3 1 0
github.com/go-pantheon/fabrica-kit/version/version.go:49.2,52.16 3 4
github.com/go-pantheon/fabrica-kit/version/version.go:52.16,54.3 1 0
github.com/go-pantheon/fabrica-kit/version/version.go:56.2,58.26 2 4
